0 info it worked if it ends with ok
1 verbose cli [ 'C:\\Program Files\\nodejs\\\\node.exe',
1 verbose cli   'C:\\Program Files\\nodejs\\node_modules\\npm\\bin\\npm-cli.js',
1 verbose cli   'install',
1 verbose cli   'mongoose-auto-increment' ]
2 info using npm@1.3.24
3 info using node@v0.10.25
4 verbose node symlink C:\Program Files\nodejs\\node.exe
5 verbose readDependencies using package.json deps
6 verbose cache add [ 'mongoose-auto-increment', null ]
7 verbose cache add name=undefined spec="mongoose-auto-increment" args=["mongoose-auto-increment",null]
8 verbose parsed url { protocol: null,
8 verbose parsed url   slashes: null,
8 verbose parsed url   auth: null,
8 verbose parsed url   host: null,
8 verbose parsed url   port: null,
8 verbose parsed url   hostname: null,
8 verbose parsed url   hash: null,
8 verbose parsed url   search: null,
8 verbose parsed url   query: null,
8 verbose parsed url   pathname: 'mongoose-auto-increment',
8 verbose parsed url   path: 'mongoose-auto-increment',
8 verbose parsed url   href: 'mongoose-auto-increment' }
9 silly lockFile a2b637ad-mongoose-auto-increment mongoose-auto-increment
10 verbose lock mongoose-auto-increment C:\Users\richi\AppData\Roaming\npm-cache\a2b637ad-mongoose-auto-increment.lock
11 silly lockFile a2b637ad-mongoose-auto-increment mongoose-auto-increment
12 silly lockFile a2b637ad-mongoose-auto-increment mongoose-auto-increment
13 verbose addNamed [ 'mongoose-auto-increment', '' ]
14 verbose addNamed [ null, '*' ]
15 silly lockFile 625aec1e-mongoose-auto-increment mongoose-auto-increment@
16 verbose lock mongoose-auto-increment@ C:\Users\richi\AppData\Roaming\npm-cache\625aec1e-mongoose-auto-increment.lock
17 silly addNameRange { name: 'mongoose-auto-increment', range: '*', hasData: false }
18 verbose url raw mongoose-auto-increment
19 verbose url resolving [ 'https://registry.npmjs.org/', './mongoose-auto-increment' ]
20 verbose url resolved https://registry.npmjs.org/mongoose-auto-increment
21 info trying registry request attempt 1 at 08:42:23
22 verbose etag "5BCMVZMRCWDYWIRKS8UI8NI7T"
23 http GET https://registry.npmjs.org/mongoose-auto-increment
24 http 304 https://registry.npmjs.org/mongoose-auto-increment
25 silly registry.get cb [ 304,
25 silly registry.get   { date: 'Mon, 11 May 2015 06:42:24 GMT',
25 silly registry.get     via: '1.1 varnish',
25 silly registry.get     'cache-control': 'max-age=60',
25 silly registry.get     etag: '"5BCMVZMRCWDYWIRKS8UI8NI7T"',
25 silly registry.get     age: '0',
25 silly registry.get     connection: 'keep-alive',
25 silly registry.get     'x-served-by': 'cache-ams4132-AMS',
25 silly registry.get     'x-cache': 'MISS',
25 silly registry.get     'x-cache-hits': '0',
25 silly registry.get     'x-timer': 'S1431326544.435476,VS0,VE381',
25 silly registry.get     vary: 'Accept' } ]
26 verbose etag mongoose-auto-increment from cache
27 silly addNameRange number 2 { name: 'mongoose-auto-increment', range: '*', hasData: true }
28 silly addNameRange versions [ 'mongoose-auto-increment',
28 silly addNameRange   [ '1.0.0',
28 silly addNameRange     '1.0.1',
28 silly addNameRange     '1.1.0',
28 silly addNameRange     '1.2.0',
28 silly addNameRange     '1.1.1',
28 silly addNameRange     '1.2.1',
28 silly addNameRange     '1.2.2',
28 silly addNameRange     '1.2.3',
28 silly addNameRange     '1.3.0',
28 silly addNameRange     '1.3.1',
28 silly addNameRange     '2.0.0',
28 silly addNameRange     '2.0.1',
28 silly addNameRange     '2.0.2',
28 silly addNameRange     '2.0.3',
28 silly addNameRange     '2.0.4',
28 silly addNameRange     '2.1.0',
28 silly addNameRange     '2.1.1',
28 silly addNameRange     '2.1.2',
28 silly addNameRange     '2.1.3',
28 silly addNameRange     '2.1.4',
28 silly addNameRange     '3.0.0',
28 silly addNameRange     '3.0.1',
28 silly addNameRange     '3.0.2',
28 silly addNameRange     '3.0.3',
28 silly addNameRange     '3.0.4',
28 silly addNameRange     '3.0.5',
28 silly addNameRange     '3.0.6',
28 silly addNameRange     '3.0.7',
28 silly addNameRange     '3.0.8',
28 silly addNameRange     '3.1.0',
28 silly addNameRange     '3.2.0',
28 silly addNameRange     '3.2.2',
28 silly addNameRange     '3.2.3',
28 silly addNameRange     '4.0.0',
28 silly addNameRange     '3.2.4' ] ]
29 verbose addNamed [ 'mongoose-auto-increment', '4.0.0' ]
30 verbose addNamed [ '4.0.0', '4.0.0' ]
31 silly lockFile d4c52210-mongoose-auto-increment-4-0-0 mongoose-auto-increment@4.0.0
32 verbose lock mongoose-auto-increment@4.0.0 C:\Users\richi\AppData\Roaming\npm-cache\d4c52210-mongoose-auto-increment-4-0-0.lock
33 silly lockFile d4c52210-mongoose-auto-increment-4-0-0 mongoose-auto-increment@4.0.0
34 silly lockFile d4c52210-mongoose-auto-increment-4-0-0 mongoose-auto-increment@4.0.0
35 silly lockFile 625aec1e-mongoose-auto-increment mongoose-auto-increment@
36 silly lockFile 625aec1e-mongoose-auto-increment mongoose-auto-increment@
37 silly resolved [ { name: 'mongoose-auto-increment',
37 silly resolved     version: '4.0.0',
37 silly resolved     description: 'This plugin allows you to auto-increment any field on any mongoose schema that you wish.',
37 silly resolved     repository:
37 silly resolved      { type: 'git',
37 silly resolved        url: 'git://github.com/codetunnel/mongoose-auto-increment.git' },
37 silly resolved     dependencies: { extend: '^2.0.0' },
37 silly resolved     peerDependencies: { mongoose: '~4.0.0' },
37 silly resolved     devDependencies: { async: '*', chai: '*', mocha: '*', mongoose: '~4.0.0' },
37 silly resolved     keywords:
37 silly resolved      [ 'mongoose',
37 silly resolved        'plugin',
37 silly resolved        'auto-increment',
37 silly resolved        'auto',
37 silly resolved        'increment',
37 silly resolved        'automatic',
37 silly resolved        'autoincrement',
37 silly resolved        'auto_increment',
37 silly resolved        'autoinc',
37 silly resolved        'auto-inc',
37 silly resolved        'auto_inc',
37 silly resolved        'pureautoinc',
37 silly resolved        'mongoose-pureautoinc' ],
37 silly resolved     author:
37 silly resolved      { name: 'Alex Ford',
37 silly resolved        email: 'alex.ford@codetunnel.com',
37 silly resolved        url: 'Chevex' },
37 silly resolved     contributors: [ [Object], [Object], [Object], [Object] ],
37 silly resolved     scripts: { test: 'node_modules/mocha/bin/mocha' },
37 silly resolved     bugs: { url: 'https://github.com/codetunnel/mongoose-auto-increment/issues' },
37 silly resolved     readme: '# mongoose-auto-increment\n\n[![Build Status](https://travis-ci.org/codetunnel/mongoose-auto-increment.png?branch=master)](https://travis-ci.org/codetunnel/mongoose-auto-increment)\n[![Dependencies Status](https://gemnasium.com/codetunnel/mongoose-auto-increment.png)](https://gemnasium.com/codetunnel/mongoose-auto-increment)\n[![NPM version](https://badge.fury.io/js/mongoose-auto-increment.png)](http://badge.fury.io/js/mongoose-auto-increment)\n\n> Mongoose plugin that auto-increments any ID field on your schema every time a document is saved.\n\n---\n\n> This is the module used by [mongoose-simpledb](https://github.com/codetunnel/mongoose-simpledb) to increment Number IDs. You are perfectly able to use this module by itself if you would like. However, if you\'re looking to make your life easier when using [mongoose](http://mongoosejs.com/) then I highly recommend you check out simpledb. It\'s a small wrapper around mongoose but it makes it extremely easy to deal with your models and draws a clear path for how to use mongoose in your application.\n\n## Getting Started\n\n> npm install mongoose-auto-increment\n\nOnce you have the plugin installed it is very simple to use. Just get reference to it, initialize it by passing in your\nmongoose connection and pass `autoIncrement.plugin` to the `plugin()` function on your schema.\n\n> Note: You only need to initialize MAI once.\n\n````js\nvar mongoose = require(\'mongoose\'),\n    Schema = mongoose.Schema,\n    autoIncrement = require(\'mongoose-auto-increment\');\n\nvar connection = mongoose.createConnection("mongodb://localhost/myDatabase");\n\nautoIncrement.initialize(connection);\n\nvar bookSchema = new Schema({\n    author: { type: Schema.Types.ObjectId, ref: \'Author\' },\n    title: String,\n    genre: String,\n    publishDate: Date\n});\n\nbookSchema.plugin(autoIncrement.plugin, \'Book\');\nvar Book = connection.model(\'Book\', bookSchema);\n````\n\nThat\'s it. Now you can create book entities at will and they will have an `_id` field added of type `Number` and will automatically increment with each new document. Even declaring references is easy, just remember to change the reference property\'s type to `Number` instead of `ObjectId` if the referenced model is also using the plugin.\n\n````js\nvar authorSchema = new mongoose.Schema({\n    name: String\n});\n    \nvar bookSchema = new Schema({\n    author: { type: Number, ref: \'Author\' },\n    title: String,\n    genre: String,\n    publishDate: Date\n});\n    \nbookSchema.plugin(autoIncrement.plugin, \'Book\');\nauthorSchema.plugin(autoIncrement.plugin, \'Author\');\n````\n\n### Want a field other than `_id`?\n\n````js\nbookSchema.plugin(autoIncrement.plugin, { model: \'Book\', field: \'bookId\' });\n````\n\n### Want that field to start at a different number than zero or increment by more than one?\n\n````js\nbookSchema.plugin(autoIncrement.plugin, {\n    model: \'Book\',\n    field: \'bookId\',\n    startAt: 100,\n    incrementBy: 100\n});\n````\n\nYour first book document would have a `bookId` equal to `100`. Your second book document would have a `bookId` equal to `200`, and so on.\n\n### Want to know the next number coming up?\n\n````js\nvar Book = connection.model(\'Book\', bookSchema);\nBook.nextCount(function(err, count) {\n\n    // count === 0 -> true\n\n    var book = new Book();\n    book.save(function(err) {\n\n        // book._id === 0 -> true\n\n        book.nextCount(function(err, count) {\n\n            // count === 1 -> true\n\n        });\n    });\n});\n````\n\nnextCount is both a static method on the model (`Book.nextCount(...)`) and an instance method on the document (`book.nextCount(...)`).\n\n### Want to reset counter back to the start value?\n\n````js\nbookSchema.plugin(autoIncrement.plugin, {\n    model: \'Book\',\n    field: \'bookId\',\n    startAt: 100\n});\n\nvar Book = connection.model(\'Book\', bookSchema),\n    book = new Book();\n\nbook.save(function (err) {\n\n    // book._id === 100 -> true\n\n    book.nextCount(function(err, count) {\n\n        // count === 101 -> true\n\n        book.resetCount(function(err, nextCount) {\n\n            // nextCount === 100 -> true\n\n        });\n\n    });\n\n});\n````\n',
37 silly resolved     readmeFilename: 'README.md',
37 silly resolved     homepage: 'https://github.com/codetunnel/mongoose-auto-increment',
37 silly resolved     _id: 'mongoose-auto-increment@4.0.0',
37 silly resolved     _from: 'mongoose-auto-increment@' } ]
38 info install mongoose-auto-increment@4.0.0 into C:\node\pruebamsg
39 info installOne mongoose-auto-increment@4.0.0
40 info C:\node\pruebamsg\node_modules\mongoose-auto-increment unbuild
41 info preuninstall mongoose-auto-increment@4.0.0
42 info uninstall mongoose-auto-increment@4.0.0
43 verbose true,C:\node\pruebamsg\node_modules,C:\node\pruebamsg\node_modules unbuild mongoose-auto-increment@4.0.0
44 info postuninstall mongoose-auto-increment@4.0.0
45 verbose tar unpack C:\Users\richi\AppData\Roaming\npm-cache\mongoose-auto-increment\4.0.0\package.tgz
46 silly lockFile 7e585ae3--modules-mongoose-auto-increment tar://C:\node\pruebamsg\node_modules\mongoose-auto-increment
47 verbose lock tar://C:\node\pruebamsg\node_modules\mongoose-auto-increment C:\Users\richi\AppData\Roaming\npm-cache\7e585ae3--modules-mongoose-auto-increment.lock
48 silly lockFile 135d550a-auto-increment-4-0-0-package-tgz tar://C:\Users\richi\AppData\Roaming\npm-cache\mongoose-auto-increment\4.0.0\package.tgz
49 verbose lock tar://C:\Users\richi\AppData\Roaming\npm-cache\mongoose-auto-increment\4.0.0\package.tgz C:\Users\richi\AppData\Roaming\npm-cache\135d550a-auto-increment-4-0-0-package-tgz.lock
50 silly gunzTarPerm modes [ '755', '644' ]
51 silly gunzTarPerm extractEntry package.json
52 silly gunzTarPerm modified mode [ 'package.json', 438, 420 ]
53 silly gunzTarPerm extractEntry .npmignore
54 silly gunzTarPerm modified mode [ '.npmignore', 438, 420 ]
55 silly gunzTarPerm extractEntry README.md
56 silly gunzTarPerm modified mode [ 'README.md', 438, 420 ]
57 silly gunzTarPerm extractEntry LICENSE
58 silly gunzTarPerm modified mode [ 'LICENSE', 438, 420 ]
59 silly gunzTarPerm extractEntry index.js
60 silly gunzTarPerm modified mode [ 'index.js', 438, 420 ]
61 silly gunzTarPerm extractEntry .travis.yml
62 silly gunzTarPerm modified mode [ '.travis.yml', 438, 420 ]
63 silly gunzTarPerm extractEntry CONTRIBUTING.md
64 silly gunzTarPerm modified mode [ 'CONTRIBUTING.md', 438, 420 ]
65 silly gunzTarPerm extractEntry test/test.js
66 silly gunzTarPerm modified mode [ 'test/test.js', 438, 420 ]
67 silly gunzTarPerm extractEntry test/mocha.opts
68 silly gunzTarPerm modified mode [ 'test/mocha.opts', 438, 420 ]
69 silly lockFile 7e585ae3--modules-mongoose-auto-increment tar://C:\node\pruebamsg\node_modules\mongoose-auto-increment
70 silly lockFile 7e585ae3--modules-mongoose-auto-increment tar://C:\node\pruebamsg\node_modules\mongoose-auto-increment
71 silly lockFile 135d550a-auto-increment-4-0-0-package-tgz tar://C:\Users\richi\AppData\Roaming\npm-cache\mongoose-auto-increment\4.0.0\package.tgz
72 silly lockFile 135d550a-auto-increment-4-0-0-package-tgz tar://C:\Users\richi\AppData\Roaming\npm-cache\mongoose-auto-increment\4.0.0\package.tgz
73 info preinstall mongoose-auto-increment@4.0.0
74 verbose readDependencies using package.json deps
75 verbose readDependencies using package.json deps
76 verbose cache add [ 'extend@^2.0.0', null ]
77 verbose cache add name=undefined spec="extend@^2.0.0" args=["extend@^2.0.0",null]
78 verbose parsed url { protocol: null,
78 verbose parsed url   slashes: null,
78 verbose parsed url   auth: null,
78 verbose parsed url   host: null,
78 verbose parsed url   port: null,
78 verbose parsed url   hostname: null,
78 verbose parsed url   hash: null,
78 verbose parsed url   search: null,
78 verbose parsed url   query: null,
78 verbose parsed url   pathname: 'extend@^2.0.0',
78 verbose parsed url   path: 'extend@^2.0.0',
78 verbose parsed url   href: 'extend@^2.0.0' }
79 verbose cache add name="extend" spec="^2.0.0" args=["extend","^2.0.0"]
80 verbose parsed url { protocol: null,
80 verbose parsed url   slashes: null,
80 verbose parsed url   auth: null,
80 verbose parsed url   host: null,
80 verbose parsed url   port: null,
80 verbose parsed url   hostname: null,
80 verbose parsed url   hash: null,
80 verbose parsed url   search: null,
80 verbose parsed url   query: null,
80 verbose parsed url   pathname: '^2.0.0',
80 verbose parsed url   path: '^2.0.0',
80 verbose parsed url   href: '^2.0.0' }
81 verbose addNamed [ 'extend', '^2.0.0' ]
82 verbose addNamed [ null, '>=2.0.0-0 <3.0.0-0' ]
83 silly lockFile c49faa5d-extend-2-0-0 extend@^2.0.0
84 verbose lock extend@^2.0.0 C:\Users\richi\AppData\Roaming\npm-cache\c49faa5d-extend-2-0-0.lock
85 silly addNameRange { name: 'extend', range: '>=2.0.0-0 <3.0.0-0', hasData: false }
86 verbose url raw extend
87 verbose url resolving [ 'https://registry.npmjs.org/', './extend' ]
88 verbose url resolved https://registry.npmjs.org/extend
89 info trying registry request attempt 1 at 08:42:27
90 verbose etag "AUJ8EPSVZ8Q28XHX3G29VNFAN"
91 http GET https://registry.npmjs.org/extend
92 http 304 https://registry.npmjs.org/extend
93 silly registry.get cb [ 304,
93 silly registry.get   { date: 'Mon, 11 May 2015 06:42:26 GMT',
93 silly registry.get     via: '1.1 varnish',
93 silly registry.get     'cache-control': 'max-age=60',
93 silly registry.get     etag: '"AUJ8EPSVZ8Q28XHX3G29VNFAN"',
93 silly registry.get     age: '16',
93 silly registry.get     connection: 'keep-alive',
93 silly registry.get     'x-served-by': 'cache-ams4131-AMS',
93 silly registry.get     'x-cache': 'HIT',
93 silly registry.get     'x-cache-hits': '1',
93 silly registry.get     'x-timer': 'S1431326546.055088,VS0,VE0',
93 silly registry.get     vary: 'Accept' } ]
94 verbose etag extend from cache
95 silly addNameRange number 2 { name: 'extend', range: '>=2.0.0-0 <3.0.0-0', hasData: true }
96 silly addNameRange versions [ 'extend',
96 silly addNameRange   [ '1.0.0',
96 silly addNameRange     '1.1.0',
96 silly addNameRange     '1.1.1',
96 silly addNameRange     '1.1.3',
96 silly addNameRange     '1.2.0',
96 silly addNameRange     '1.2.1',
96 silly addNameRange     '1.3.0',
96 silly addNameRange     '2.0.0',
96 silly addNameRange     '2.0.1' ] ]
97 verbose addNamed [ 'extend', '2.0.1' ]
98 verbose addNamed [ '2.0.1', '2.0.1' ]
99 silly lockFile 6f1e8ae3-extend-2-0-1 extend@2.0.1
100 verbose lock extend@2.0.1 C:\Users\richi\AppData\Roaming\npm-cache\6f1e8ae3-extend-2-0-1.lock
101 silly lockFile 6f1e8ae3-extend-2-0-1 extend@2.0.1
102 silly lockFile 6f1e8ae3-extend-2-0-1 extend@2.0.1
103 silly lockFile c49faa5d-extend-2-0-0 extend@^2.0.0
104 silly lockFile c49faa5d-extend-2-0-0 extend@^2.0.0
105 silly resolved [ { name: 'extend',
105 silly resolved     author:
105 silly resolved      { name: 'Stefan Thomas',
105 silly resolved        email: 'justmoon@members.fsf.org',
105 silly resolved        url: 'http://www.justmoon.net' },
105 silly resolved     version: '2.0.1',
105 silly resolved     description: 'Port of jQuery.extend for node.js and the browser',
105 silly resolved     main: 'index',
105 silly resolved     scripts:
105 silly resolved      { test: 'npm run lint && node test/index.js && npm run coverage-quiet',
105 silly resolved        coverage: 'covert test/index.js',
105 silly resolved        'coverage-quiet': 'covert test/index.js --quiet',
105 silly resolved        lint: 'jscs *.js */*.js' },
105 silly resolved     contributors: [ [Object] ],
105 silly resolved     keywords: [ 'extend', 'clone', 'merge' ],
105 silly resolved     repository:
105 silly resolved      { type: 'git',
105 silly resolved        url: 'https://github.com/justmoon/node-extend.git' },
105 silly resolved     dependencies: {},
105 silly resolved     devDependencies: { tape: '^4.0.0', covert: '^1.0.1', jscs: '^1.11.3' },
105 silly resolved     license: 'MIT',
105 silly resolved     readme: '[![Build Status][travis-svg]][travis-url]\n[![dependency status][deps-svg]][deps-url]\n[![dev dependency status][dev-deps-svg]][dev-deps-url]\n\n# extend() for Node.js <sup>[![Version Badge][npm-version-png]][npm-url]</sup>\n\n`node-extend` is a port of the classic extend() method from jQuery. It behaves as you expect. It is simple, tried and true.\n\n## Installation\n\nThis package is available on [npm][npm-url] as: `extend`\n\n``` sh\nnpm install extend\n```\n\n## Usage\n\n**Syntax:** extend **(** [`deep`], `target`, `object1`, [`objectN`] **)**\n\n*Extend one object with one or more others, returning the modified object.*\n\nKeep in mind that the target object will be modified, and will be returned from extend().\n\nIf a boolean true is specified as the first argument, extend performs a deep copy, recursively copying any objects it finds. Otherwise, the copy will share structure with the original object(s).\nUndefined properties are not copied. However, properties inherited from the object\'s prototype will be copied over.\nWarning: passing `false` as the first argument is not supported.\n\n### Arguments\n\n* `deep` *Boolean* (optional)\nIf set, the merge becomes recursive (i.e. deep copy).\n* `target`\t*Object*\nThe object to extend.\n* `object1`\t*Object*\nThe object that will be merged into the first.\n* `objectN` *Object* (Optional)\nMore objects to merge into the first.\n\n## License\n\n`node-extend` is licensed under the [MIT License][mit-license-url].\n\n## Acknowledgements\n\nAll credit to the jQuery authors for perfecting this amazing utility.\n\nPorted to Node.js by [Stefan Thomas][github-justmoon] with contributions by [Jonathan Buchanan][github-insin] and [Jordan Harband][github-ljharb].\n\n[travis-svg]: https://travis-ci.org/justmoon/node-extend.svg\n[travis-url]: https://travis-ci.org/justmoon/node-extend\n[npm-url]: https://npmjs.org/package/extend\n[mit-license-url]: http://opensource.org/licenses/MIT\n[github-justmoon]: https://github.com/justmoon\n[github-insin]: https://github.com/insin\n[github-ljharb]: https://github.com/ljharb\n[npm-version-png]: http://vb.teelaun.ch/justmoon/node-extend.svg\n[deps-svg]: https://david-dm.org/justmoon/node-extend.svg\n[deps-url]: https://david-dm.org/justmoon/node-extend\n[dev-deps-svg]: https://david-dm.org/justmoon/node-extend/dev-status.svg\n[dev-deps-url]: https://david-dm.org/justmoon/node-extend#info=devDependencies\n\n',
105 silly resolved     readmeFilename: 'README.md',
105 silly resolved     bugs: { url: 'https://github.com/justmoon/node-extend/issues' },
105 silly resolved     homepage: 'https://github.com/justmoon/node-extend',
105 silly resolved     _id: 'extend@2.0.1',
105 silly resolved     _from: 'extend@^2.0.0' } ]
106 info install extend@2.0.1 into C:\node\pruebamsg\node_modules\mongoose-auto-increment
107 info installOne extend@2.0.1
108 info C:\node\pruebamsg\node_modules\mongoose-auto-increment\node_modules\extend unbuild
109 verbose tar unpack C:\Users\richi\AppData\Roaming\npm-cache\extend\2.0.1\package.tgz
110 silly lockFile e0f5f003-to-increment-node-modules-extend tar://C:\node\pruebamsg\node_modules\mongoose-auto-increment\node_modules\extend
111 verbose lock tar://C:\node\pruebamsg\node_modules\mongoose-auto-increment\node_modules\extend C:\Users\richi\AppData\Roaming\npm-cache\e0f5f003-to-increment-node-modules-extend.lock
112 silly lockFile 5c3c5ef1-m-cache-extend-2-0-1-package-tgz tar://C:\Users\richi\AppData\Roaming\npm-cache\extend\2.0.1\package.tgz
113 verbose lock tar://C:\Users\richi\AppData\Roaming\npm-cache\extend\2.0.1\package.tgz C:\Users\richi\AppData\Roaming\npm-cache\5c3c5ef1-m-cache-extend-2-0-1-package-tgz.lock
114 silly gunzTarPerm modes [ '755', '644' ]
115 silly gunzTarPerm extractEntry package.json
116 silly gunzTarPerm modified mode [ 'package.json', 438, 420 ]
117 silly gunzTarPerm extractEntry .npmignore
118 silly gunzTarPerm modified mode [ '.npmignore', 438, 420 ]
119 silly gunzTarPerm extractEntry README.md
120 silly gunzTarPerm modified mode [ 'README.md', 438, 420 ]
121 silly gunzTarPerm extractEntry LICENSE
122 silly gunzTarPerm modified mode [ 'LICENSE', 438, 420 ]
123 silly gunzTarPerm extractEntry index.js
124 silly gunzTarPerm modified mode [ 'index.js', 438, 420 ]
125 silly gunzTarPerm extractEntry .jscs.json
126 silly gunzTarPerm modified mode [ '.jscs.json', 438, 420 ]
127 silly gunzTarPerm extractEntry .travis.yml
128 silly gunzTarPerm modified mode [ '.travis.yml', 438, 420 ]
129 silly gunzTarPerm extractEntry CHANGELOG.md
130 silly gunzTarPerm modified mode [ 'CHANGELOG.md', 438, 420 ]
131 silly gunzTarPerm extractEntry component.json
132 silly gunzTarPerm modified mode [ 'component.json', 438, 420 ]
133 silly lockFile e0f5f003-to-increment-node-modules-extend tar://C:\node\pruebamsg\node_modules\mongoose-auto-increment\node_modules\extend
134 silly lockFile e0f5f003-to-increment-node-modules-extend tar://C:\node\pruebamsg\node_modules\mongoose-auto-increment\node_modules\extend
135 silly lockFile 5c3c5ef1-m-cache-extend-2-0-1-package-tgz tar://C:\Users\richi\AppData\Roaming\npm-cache\extend\2.0.1\package.tgz
136 silly lockFile 5c3c5ef1-m-cache-extend-2-0-1-package-tgz tar://C:\Users\richi\AppData\Roaming\npm-cache\extend\2.0.1\package.tgz
137 info preinstall extend@2.0.1
138 verbose readDependencies using package.json deps
139 verbose readDependencies using package.json deps
140 silly resolved []
141 verbose about to build C:\node\pruebamsg\node_modules\mongoose-auto-increment\node_modules\extend
142 info build C:\node\pruebamsg\node_modules\mongoose-auto-increment\node_modules\extend
143 verbose linkStuff [ false,
143 verbose linkStuff   false,
143 verbose linkStuff   false,
143 verbose linkStuff   'C:\\node\\pruebamsg\\node_modules\\mongoose-auto-increment\\node_modules' ]
144 info linkStuff extend@2.0.1
145 verbose linkBins extend@2.0.1
146 verbose linkMans extend@2.0.1
147 verbose rebuildBundles extend@2.0.1
148 info install extend@2.0.1
149 info postinstall extend@2.0.1
150 verbose about to build C:\node\pruebamsg\node_modules\mongoose-auto-increment
151 info build C:\node\pruebamsg\node_modules\mongoose-auto-increment
152 verbose linkStuff [ false, false, false, 'C:\\node\\pruebamsg\\node_modules' ]
153 info linkStuff mongoose-auto-increment@4.0.0
154 verbose linkBins mongoose-auto-increment@4.0.0
155 verbose linkMans mongoose-auto-increment@4.0.0
156 verbose rebuildBundles mongoose-auto-increment@4.0.0
157 verbose rebuildBundles [ 'extend' ]
158 info install mongoose-auto-increment@4.0.0
159 info postinstall mongoose-auto-increment@4.0.0
160 verbose readDependencies using package.json deps
161 verbose already installed skipping mongoose@~4.0.0 C:\node\pruebamsg
162 silly resolved []
163 error peerinvalid The package mongoose does not satisfy its siblings' peerDependencies requirements!
163 error peerinvalid Peer mongoose-auto-increment2@3.0.8 wants mongoose@^3.8.12
163 error peerinvalid Peer mongoose-auto-increment@4.0.0 wants mongoose@~4.0.0
164 error System Windows_NT 6.1.7601
165 error command "C:\\Program Files\\nodejs\\\\node.exe" "C:\\Program Files\\nodejs\\node_modules\\npm\\bin\\npm-cli.js" "install" "mongoose-auto-increment"
166 error cwd C:\node\pruebamsg
167 error node -v v0.10.25
168 error npm -v 1.3.24
169 error code EPEERINVALID
170 verbose exit [ 1, true ]
